c:\users\dzhal\source\repos\snake\snake\debug\vc142.pdb
c:\users\dzhal\source\repos\snake\snake\debug\vc142.idb
c:\users\dzhal\source\repos\snake\snake\debug\mapbig.obj
c:\users\dzhal\source\repos\snake\snake\debug\userprocessing.obj
c:\users\dzhal\source\repos\snake\snake\debug\snake.obj
c:\users\dzhal\source\repos\snake\snake\debug\map.obj
c:\users\dzhal\source\repos\snake\snake\debug\main.obj
c:\users\dzhal\source\repos\snake\debug\snake.exe
c:\users\dzhal\source\repos\snake\debug\snake.ilk
c:\users\dzhal\source\repos\snake\debug\snake.pdb
c:\users\dzhal\source\repos\snake\snake\debug\snake.res
c:\users\dzhal\source\repos\snake\snake\debug\snake.tlog\cl.command.1.tlog
c:\users\dzhal\source\repos\snake\snake\debug\snake.tlog\cl.read.1.tlog
c:\users\dzhal\source\repos\snake\snake\debug\snake.tlog\cl.write.1.tlog
c:\users\dzhal\source\repos\snake\snake\debug\snake.tlog\link.command.1.tlog
c:\users\dzhal\source\repos\snake\snake\debug\snake.tlog\link.read.1.tlog
c:\users\dzhal\source\repos\snake\snake\debug\snake.tlog\link.write.1.tlog
c:\users\dzhal\source\repos\snake\snake\debug\snake.tlog\rc.command.1.tlog
c:\users\dzhal\source\repos\snake\snake\debug\snake.tlog\rc.read.1.tlog
c:\users\dzhal\source\repos\snake\snake\debug\snake.tlog\rc.write.1.tlog
